<?xml version="1.0" encoding="UTF-8"?>
<!-- Generated by org.testng.reporters.JUnitReportReporter -->
<testsuite hostname="DESKTOP-DA3L6L6" failures="0" tests="1" name="test.NewTest" time="0.016" errors="0" timestamp="21 Feb 2024 10:56:01 GMT" skipped="0">
  <testcase classname="test.NewTest" name="f" time="0.016"/>
</testsuite> <!-- test.NewTest -->
