<?xml version="1.0" encoding="UTF-8"?>
<!-- Generated by org.testng.reporters.JUnitReportReporter -->
<testsuite hostname="DESKTOP-DA3L6L6" failures="0" tests="1" name="testCases.LoginTestCases" time="22.724" errors="0" timestamp="21 Feb 2024 12:17:32 GMT" skipped="0">
  <testcase classname="testCases.LoginTestCases" name="login" time="22.724"/>
</testsuite> <!-- testCases.LoginTestCases -->
